Vivado Simulator 2020.2
Copyright 1986-1999, 2001-2020 Xilinx, Inc. All Rights Reserved.
Running: /sw/workstations/apps/linux-ubuntu18.04-ivybridge/xilinx/2020.2/gcc-7.5.0/egagsozgixafjmnittzgqtr2zi55uxhw/Vivado/2020.2/bin/unwrapped/lnx64.o/xelab -wto e45be7f0c1314d72ba24392b21312c98 --incr --debug typical --relax --mt 8 -L xil_defaultlib -L unisims_ver -L unimacro_ver -L secureip -L xpm --snapshot game_top_tb_behav xil_defaultlib.game_top_tb xil_defaultlib.glbl -log elaborate.log 
Using 8 slave threads.
WARNING: [XSIM 43-3431] One or more environment variables have been detected which affect the operation of the C compiler. These are typically not set in standard installations and are not tested by Xilinx, however they may be appropriate for your system, so the flow will attempt to continue.  If errors occur, try running xelab with the "-mt off -v 1" switches to see more information from the C compiler. The following environment variables have been detected:
Starting static elaboration
Pass Through NonSizing Optimizer
Completed static elaboration
Starting simulation data flow analysis
Completed simulation data flow analysis
Time Resolution for simulation is 1ps
Compiling module unisims_ver.IBUF
Compiling module unisims_ver.MMCME2_ADV(CLKFBOUT_MULT_F=28.37...
Compiling module unisims_ver.BUFG
Compiling module xil_defaultlib.clk_wiz_0_clk_wiz
Compiling module xil_defaultlib.clk_wiz_0
Compiling module xil_defaultlib.drawcon
Compiling module xil_defaultlib.vga_out
Compiling module xil_defaultlib.game_top
Compiling module xil_defaultlib.game_top_tb
Compiling module xil_defaultlib.glbl
Built simulation snapshot game_top_tb_behav
