#
# An unexpected error has occurred (11)
#
Stack:
/sw/workstations/apps/linux-ubuntu18.04-ivybridge/xilinx/2020.2/gcc-7.5.0/egagsozgixafjmnittzgqtr2zi55uxhw/Vivado/2020.2/tps/lnx64/jre11.0.2/lib//server/libjvm.so(+0xc04c3b) [0x154f3df4cc3b]
/sw/workstations/apps/linux-ubuntu18.04-ivybridge/xilinx/2020.2/gcc-7.5.0/egagsozgixafjmnittzgqtr2zi55uxhw/Vivado/2020.2/tps/lnx64/jre11.0.2/lib//server/libjvm.so(JVM_handle_linux_signal+0x14e) [0x154f3df518de]
/sw/workstations/apps/linux-ubuntu18.04-ivybridge/xilinx/2020.2/gcc-7.5.0/egagsozgixafjmnittzgqtr2zi55uxhw/Vivado/2020.2/tps/lnx64/jre11.0.2/lib//server/libjvm.so(+0xbfd538) [0x154f3df45538]
/lib/x86_64-linux-gnu/libc.so.6(+0x3ef10) [0x154f938cff10]
/sw/workstations/apps/linux-ubuntu18.04-ivybridge/xilinx/2020.2/gcc-7.5.0/egagsozgixafjmnittzgqtr2zi55uxhw/Vivado/2020.2/lib/lnx64.o/librdi_simbridge_kernel.so(SimBridge::CArray::empty() const+0) [0x154f442c5a00]
/sw/workstations/apps/linux-ubuntu18.04-ivybridge/xilinx/2020.2/gcc-7.5.0/egagsozgixafjmnittzgqtr2zi55uxhw/Vivado/2020.2/lib/lnx64.o/librdi_simbridge_kernel.so(SimBridge::WdbEventBlock::addBlock(SimBridge::WdbIBlockManager&, unsigned int&) const+0x1c) [0x154f442c60dc]
/sw/workstations/apps/linux-ubuntu18.04-ivybridge/xilinx/2020.2/gcc-7.5.0/egagsozgixafjmnittzgqtr2zi55uxhw/Vivado/2020.2/lib/lnx64.o/librdi_simbridge_kernel.so(SimBridge::WdbMultipleBucketEventDatabase::getEventBlockDatabaseIterator(std::vector<SimBridge::WdbScalarBTree*, std::allocator<SimBridge::WdbScalarBTree*> > const&, std::vector<boost::shared_ptr<SimBridge::WdbIEventBlockIterator>, std::allocator<boost::shared_ptr<SimBridge::WdbIEventBlockIterator> > >&, std::vector<std::vector<SimBridge::WdbScalarBTree*, std::allocator<SimBridge::WdbScalarBTree*> >, std::allocator<std::vector<SimBridge::WdbScalarBTree*, std::allocator<SimBridge::WdbScalarBTree*> > > >&) const+0x691) [0x154f442e0071]
/sw/workstations/apps/linux-ubuntu18.04-ivybridge/xilinx/2020.2/gcc-7.5.0/egagsozgixafjmnittzgqtr2zi55uxhw/Vivado/2020.2/lib/lnx64.o/librdi_simbridge_kernel.so(SimBridge::WdbAddressBTreeManager::scanWdbDatabaseMultiThread(std::vector<SimBridge::WdbScalarBTree*, std::allocator<SimBridge::WdbScalarBTree*> > const&, ISIM::IGuiStatus*)+0xf0) [0x154f442bcee0]
/sw/workstations/apps/linux-ubuntu18.04-ivybridge/xilinx/2020.2/gcc-7.5.0/egagsozgixafjmnittzgqtr2zi55uxhw/Vivado/2020.2/lib/lnx64.o/librdi_wavedata.so(SimBridge::DataObjMgr::createDrawingBTree(std::vector<SimBridge::IDataObj const*, std::allocator<SimBridge::IDataObj const*> > const&, ISIM::IGuiStatus*, bool)+0x32a) [0x154f4f64658a]
/sw/workstations/apps/linux-ubuntu18.04-ivybridge/xilinx/2020.2/gcc-7.5.0/egagsozgixafjmnittzgqtr2zi55uxhw/Vivado/2020.2/lib/lnx64.o/librdi_wavedata.so(SG_Model::Model::createDrawingBTree(std::vector<SG_Model::WVDataObject*, std::allocator<SG_Model::WVDataObject*> > const&, ISIM::IGuiStatus*) const+0x21b) [0x154f4f6fe16b]
/sw/workstations/apps/linux-ubuntu18.04-ivybridge/xilinx/2020.2/gcc-7.5.0/egagsozgixafjmnittzgqtr2zi55uxhw/Vivado/2020.2/lib/lnx64.o/librdi_wavedata.so(SG_Model::Model::addWVObject(std::vector<SG_Model::WVDataObject*, std::allocator<SG_Model::WVDataObject*> > const&, SG_Model::WVDataObject*, int)+0x23f) [0x154f4f700e0f]
/sw/workstations/apps/linux-ubuntu18.04-ivybridge/xilinx/2020.2/gcc-7.5.0/egagsozgixafjmnittzgqtr2zi55uxhw/Vivado/2020.2/lib/lnx64.o/librdi_wavedata.so(SG_Controller::AddWaveformCommand::doCommand()+0x33) [0x154f4f6c75d3]
/sw/workstations/apps/linux-ubuntu18.04-ivybridge/xilinx/2020.2/gcc-7.5.0/egagsozgixafjmnittzgqtr2zi55uxhw/Vivado/2020.2/lib/lnx64.o/librdi_wavedata.so(SG_Controller::CommandManager::executeOrAppendMacro(SG_Controller::Command*, bool)+0x4d) [0x154f4f6c68fd]
/sw/workstations/apps/linux-ubuntu18.04-ivybridge/xilinx/2020.2/gcc-7.5.0/egagsozgixafjmnittzgqtr2zi55uxhw/Vivado/2020.2/lib/lnx64.o/librdi_wavedata.so(SG_Controller::CommandManager::createAndExecute(std::__cxx11::basic_string<char, std::char_traits<char>, std::allocator<char> > const&, SG_Common::StringArray const&, SG_Model::Model&, SG_Controller::CommandFactory&)+0x151) [0x154f4f6c6c91]
/sw/workstations/apps/linux-ubuntu18.04-ivybridge/xilinx/2020.2/gcc-7.5.0/egagsozgixafjmnittzgqtr2zi55uxhw/Vivado/2020.2/lib/lnx64.o/librdi_wavedata.so(WVDAppInterface::WVDWaveConfigurationImp::execute(std::__cxx11::basic_string<char, std::char_traits<char>, std::allocator<char> > const&, SG_Common::StringArray const&)+0x1b) [0x154f4f5b816b]
/sw/workstations/apps/linux-ubuntu18.04-ivybridge/xilinx/2020.2/gcc-7.5.0/egagsozgixafjmnittzgqtr2zi55uxhw/Vivado/2020.2/lib/lnx64.o/librdi_wavedata.so(WVDAppInterface::WVDWaveConfiguration::addWaveObject(std::vector<SG_Model::WVDataObject*, std::allocator<SG_Model::WVDataObject*> > const&, int, int, WVDAppInterface::WVDWaveDisplayOption const&, ISIM::IGuiStatus*)+0x52f) [0x154f4f5bb10f]
/sw/workstations/apps/linux-ubuntu18.04-ivybridge/xilinx/2020.2/gcc-7.5.0/egagsozgixafjmnittzgqtr2zi55uxhw/Vivado/2020.2/lib/lnx64.o/librdi_wavedata.so(WVDAppInterface::WVDWaveConfiguration::addWave(std::vector<SimBridge::IObject const*, std::allocator<SimBridge::IObject const*> > const&, int, int, bool, WVDAppInterface::WVDWaveDisplayOption const&, ISIM::IGuiStatus*)+0x22c) [0x154f4f5bb73c]
/sw/workstations/apps/linux-ubuntu18.04-ivybridge/xilinx/2020.2/gcc-7.5.0/egagsozgixafjmnittzgqtr2zi55uxhw/Vivado/2020.2/lib/lnx64.o/librdi_wavedatatasks.so(+0xdd8cd) [0x154eeb2378cd]
/sw/workstations/apps/linux-ubuntu18.04-ivybridge/xilinx/2020.2/gcc-7.5.0/egagsozgixafjmnittzgqtr2zi55uxhw/Vivado/2020.2/lib/lnx64.o/librdi_common.so(+0x9cfb1d) [0x154f94e07b1d]
/sw/workstations/apps/linux-ubuntu18.04-ivybridge/xilinx/2020.2/gcc-7.5.0/egagsozgixafjmnittzgqtr2zi55uxhw/Vivado/2020.2/lib/lnx64.o/libtcl8.5.so(+0x3356f) [0x154f8eb7556f]
/sw/workstations/apps/linux-ubuntu18.04-ivybridge/xilinx/2020.2/gcc-7.5.0/egagsozgixafjmnittzgqtr2zi55uxhw/Vivado/2020.2/lib/lnx64.o/libtcl8.5.so(+0x76945) [0x154f8ebb8945]
/sw/workstations/apps/linux-ubuntu18.04-ivybridge/xilinx/2020.2/gcc-7.5.0/egagsozgixafjmnittzgqtr2zi55uxhw/Vivado/2020.2/lib/lnx64.o/libtcl8.5.so(+0x7e0f9) [0x154f8ebc00f9]
/sw/workstations/apps/linux-ubuntu18.04-ivybridge/xilinx/2020.2/gcc-7.5.0/egagsozgixafjmnittzgqtr2zi55uxhw/Vivado/2020.2/lib/lnx64.o/libtcl8.5.so(TclEvalObjEx+0x76) [0x154f8eb77216]
/sw/workstations/apps/linux-ubuntu18.04-ivybridge/xilinx/2020.2/gcc-7.5.0/egagsozgixafjmnittzgqtr2zi55uxhw/Vivado/2020.2/lib/lnx64.o/libtcl8.5.so(+0x3e824) [0x154f8eb80824]
/sw/workstations/apps/linux-ubuntu18.04-ivybridge/xilinx/2020.2/gcc-7.5.0/egagsozgixafjmnittzgqtr2zi55uxhw/Vivado/2020.2/lib/lnx64.o/libtcl8.5.so(+0x3356f) [0x154f8eb7556f]
/sw/workstations/apps/linux-ubuntu18.04-ivybridge/xilinx/2020.2/gcc-7.5.0/egagsozgixafjmnittzgqtr2zi55uxhw/Vivado/2020.2/lib/lnx64.o/libtcl8.5.so(+0x76945) [0x154f8ebb8945]
/sw/workstations/apps/linux-ubuntu18.04-ivybridge/xilinx/2020.2/gcc-7.5.0/egagsozgixafjmnittzgqtr2zi55uxhw/Vivado/2020.2/lib/lnx64.o/libtcl8.5.so(+0x7e0f9) [0x154f8ebc00f9]
/sw/workstations/apps/linux-ubuntu18.04-ivybridge/xilinx/2020.2/gcc-7.5.0/egagsozgixafjmnittzgqtr2zi55uxhw/Vivado/2020.2/lib/lnx64.o/libtcl8.5.so(TclEvalObjEx+0x76) [0x154f8eb77216]
/sw/workstations/apps/linux-ubuntu18.04-ivybridge/xilinx/2020.2/gcc-7.5.0/egagsozgixafjmnittzgqtr2zi55uxhw/Vivado/2020.2/lib/lnx64.o/libtcl8.5.so(+0x3e824) [0x154f8eb80824]
/sw/workstations/apps/linux-ubuntu18.04-ivybridge/xilinx/2020.2/gcc-7.5.0/egagsozgixafjmnittzgqtr2zi55uxhw/Vivado/2020.2/lib/lnx64.o/libtcl8.5.so(+0x3356f) [0x154f8eb7556f]
/sw/workstations/apps/linux-ubuntu18.04-ivybridge/xilinx/2020.2/gcc-7.5.0/egagsozgixafjmnittzgqtr2zi55uxhw/Vivado/2020.2/lib/lnx64.o/libtcl8.5.so(+0x34bf8) [0x154f8eb76bf8]
/sw/workstations/apps/linux-ubuntu18.04-ivybridge/xilinx/2020.2/gcc-7.5.0/egagsozgixafjmnittzgqtr2zi55uxhw/Vivado/2020.2/lib/lnx64.o/libtcl8.5.so(Tcl_EvalEx+0x13) [0x154f8eb77163]
/sw/workstations/apps/linux-ubuntu18.04-ivybridge/xilinx/2020.2/gcc-7.5.0/egagsozgixafjmnittzgqtr2zi55uxhw/Vivado/2020.2/lib/lnx64.o/libtcl8.5.so(Tcl_FSEvalFileEx+0x1da) [0x154f8ebdbd2a]
/sw/workstations/apps/linux-ubuntu18.04-ivybridge/xilinx/2020.2/gcc-7.5.0/egagsozgixafjmnittzgqtr2zi55uxhw/Vivado/2020.2/lib/lnx64.o/librdi_commontasks.so(+0x1f8c0d) [0x154f88102c0d]
/sw/workstations/apps/linux-ubuntu18.04-ivybridge/xilinx/2020.2/gcc-7.5.0/egagsozgixafjmnittzgqtr2zi55uxhw/Vivado/2020.2/lib/lnx64.o/librdi_common.so(+0x9cfb1d) [0x154f94e07b1d]
/sw/workstations/apps/linux-ubuntu18.04-ivybridge/xilinx/2020.2/gcc-7.5.0/egagsozgixafjmnittzgqtr2zi55uxhw/Vivado/2020.2/lib/lnx64.o/libtcl8.5.so(+0x3356f) [0x154f8eb7556f]
/sw/workstations/apps/linux-ubuntu18.04-ivybridge/xilinx/2020.2/gcc-7.5.0/egagsozgixafjmnittzgqtr2zi55uxhw/Vivado/2020.2/lib/lnx64.o/libtcl8.5.so(Tcl_EvalObjv+0x32) [0x154f8eb756a2]
/sw/workstations/apps/linux-ubuntu18.04-ivybridge/xilinx/2020.2/gcc-7.5.0/egagsozgixafjmnittzgqtr2zi55uxhw/Vivado/2020.2/lib/lnx64.o/libtcl8.5.so(TclEvalObjEx+0x322) [0x154f8eb774c2]
/sw/workstations/apps/linux-ubuntu18.04-ivybridge/xilinx/2020.2/gcc-7.5.0/egagsozgixafjmnittzgqtr2zi55uxhw/Vivado/2020.2/lib/lnx64.o/librdi_common.so(hdi::tcltasks::task_manager::eval_in_tcl(Tcl_Interp*, Tcl_Obj*, char const*, bool)+0xb59) [0x154f94e09929]
/sw/workstations/apps/linux-ubuntu18.04-ivybridge/xilinx/2020.2/gcc-7.5.0/egagsozgixafjmnittzgqtr2zi55uxhw/Vivado/2020.2/lib/lnx64.o/librdi_simtcltasks.so(RSTTclHelper::processTclbatchOption(hdi::tcltasks::task_options_base&, Tcl_Interp*)+0x114) [0x154eeb5e1864]
/sw/workstations/apps/linux-ubuntu18.04-ivybridge/xilinx/2020.2/gcc-7.5.0/egagsozgixafjmnittzgqtr2zi55uxhw/Vivado/2020.2/lib/lnx64.o/librdi_simtcltasks.so(+0x13b281) [0x154eeb65b281]
/sw/workstations/apps/linux-ubuntu18.04-ivybridge/xilinx/2020.2/gcc-7.5.0/egagsozgixafjmnittzgqtr2zi55uxhw/Vivado/2020.2/lib/lnx64.o/librdi_common.so(+0x9cfb1d) [0x154f94e07b1d]
/sw/workstations/apps/linux-ubuntu18.04-ivybridge/xilinx/2020.2/gcc-7.5.0/egagsozgixafjmnittzgqtr2zi55uxhw/Vivado/2020.2/lib/lnx64.o/libtcl8.5.so(+0x3356f) [0x154f8eb7556f]
/sw/workstations/apps/linux-ubuntu18.04-ivybridge/xilinx/2020.2/gcc-7.5.0/egagsozgixafjmnittzgqtr2zi55uxhw/Vivado/2020.2/lib/lnx64.o/libtcl8.5.so(+0x34bf8) [0x154f8eb76bf8]
/sw/workstations/apps/linux-ubuntu18.04-ivybridge/xilinx/2020.2/gcc-7.5.0/egagsozgixafjmnittzgqtr2zi55uxhw/Vivado/2020.2/lib/lnx64.o/libtcl8.5.so(Tcl_EvalEx+0x13) [0x154f8eb77163]
/sw/workstations/apps/linux-ubuntu18.04-ivybridge/xilinx/2020.2/gcc-7.5.0/egagsozgixafjmnittzgqtr2zi55uxhw/Vivado/2020.2/lib/lnx64.o/libtcl8.5.so(TclEvalObjEx+0x1e0) [0x154f8eb77380]
/sw/workstations/apps/linux-ubuntu18.04-ivybridge/xilinx/2020.2/gcc-7.5.0/egagsozgixafjmnittzgqtr2zi55uxhw/Vivado/2020.2/lib/lnx64.o/libtcl8.5.so(+0x3b445) [0x154f8eb7d445]
/sw/workstations/apps/linux-ubuntu18.04-ivybridge/xilinx/2020.2/gcc-7.5.0/egagsozgixafjmnittzgqtr2zi55uxhw/Vivado/2020.2/lib/lnx64.o/libtcl8.5.so(+0x3356f) [0x154f8eb7556f]
/sw/workstations/apps/linux-ubuntu18.04-ivybridge/xilinx/2020.2/gcc-7.5.0/egagsozgixafjmnittzgqtr2zi55uxhw/Vivado/2020.2/lib/lnx64.o/libtcl8.5.so(+0x76945) [0x154f8ebb8945]
/sw/workstations/apps/linux-ubuntu18.04-ivybridge/xilinx/2020.2/gcc-7.5.0/egagsozgixafjmnittzgqtr2zi55uxhw/Vivado/2020.2/lib/lnx64.o/libtcl8.5.so(+0x7e0f9) [0x154f8ebc00f9]
/sw/workstations/apps/linux-ubuntu18.04-ivybridge/xilinx/2020.2/gcc-7.5.0/egagsozgixafjmnittzgqtr2zi55uxhw/Vivado/2020.2/lib/lnx64.o/libtcl8.5.so(TclEvalObjEx+0x76) [0x154f8eb77216]
/sw/workstations/apps/linux-ubuntu18.04-ivybridge/xilinx/2020.2/gcc-7.5.0/egagsozgixafjmnittzgqtr2zi55uxhw/Vivado/2020.2/lib/lnx64.o/librdi_commontasks.so(+0x1dba74) [0x154f880e5a74]
/sw/workstations/apps/linux-ubuntu18.04-ivybridge/xilinx/2020.2/gcc-7.5.0/egagsozgixafjmnittzgqtr2zi55uxhw/Vivado/2020.2/lib/lnx64.o/libtcl8.5.so(+0x3356f) [0x154f8eb7556f]
/sw/workstations/apps/linux-ubuntu18.04-ivybridge/xilinx/2020.2/gcc-7.5.0/egagsozgixafjmnittzgqtr2zi55uxhw/Vivado/2020.2/lib/lnx64.o/libtcl8.5.so(+0x76945) [0x154f8ebb8945]
/sw/workstations/apps/linux-ubuntu18.04-ivybridge/xilinx/2020.2/gcc-7.5.0/egagsozgixafjmnittzgqtr2zi55uxhw/Vivado/2020.2/lib/lnx64.o/libtcl8.5.so(TclObjInterpProcCore+0x420) [0x154f8ebf9ed0]
/sw/workstations/apps/linux-ubuntu18.04-ivybridge/xilinx/2020.2/gcc-7.5.0/egagsozgixafjmnittzgqtr2zi55uxhw/Vivado/2020.2/lib/lnx64.o/libtcl8.5.so(+0x3356f) [0x154f8eb7556f]
/sw/workstations/apps/linux-ubuntu18.04-ivybridge/xilinx/2020.2/gcc-7.5.0/egagsozgixafjmnittzgqtr2zi55uxhw/Vivado/2020.2/lib/lnx64.o/libtcl8.5.so(Tcl_EvalObjv+0x32) [0x154f8eb756a2]
/sw/workstations/apps/linux-ubuntu18.04-ivybridge/xilinx/2020.2/gcc-7.5.0/egagsozgixafjmnittzgqtr2zi55uxhw/Vivado/2020.2/lib/lnx64.o/libtcl8.5.so(TclEvalObjEx+0x322) [0x154f8eb774c2]
/sw/workstations/apps/linux-ubuntu18.04-ivybridge/xilinx/2020.2/gcc-7.5.0/egagsozgixafjmnittzgqtr2zi55uxhw/Vivado/2020.2/lib/lnx64.o/librdi_tcltasks.so(SimUtils::detail::execStep(Tcl_Interp*, std::__cxx11::basic_ostringstream<char, std::char_traits<char>, std::allocator<char> >&, std::__cxx11::basic_string<char, std::char_traits<char>, std::allocator<char> > const&, std::__cxx11::basic_string<char, std::char_traits<char>, std::allocator<char> > const&, std::__cxx11::basic_string<char, std::char_traits<char>, std::allocator<char> >&, bool&)+0x1ee) [0x154f852291fe]
/sw/workstations/apps/linux-ubuntu18.04-ivybridge/xilinx/2020.2/gcc-7.5.0/egagsozgixafjmnittzgqtr2zi55uxhw/Vivado/2020.2/lib/lnx64.o/librdi_tcltasks.so(SimUtils::detail::execSimStep(Tcl_Interp*, std::__cxx11::basic_ostringstream<char, std::char_traits<char>, std::allocator<char> >&, HAPUFSimulator*, HAPUFSimulator::TclProc, std::__cxx11::basic_string<char, std::char_traits<char>, std::allocator<char> > const&, bool, HADAFileSet*, std::__cxx11::basic_string<char, std::char_traits<char>, std::allocator<char> > const&, HAPUFSimulator::SimulationStep, bool, HDGUIStatus*)+0x75) [0x154f85229435]
/sw/workstations/apps/linux-ubuntu18.04-ivybridge/xilinx/2020.2/gcc-7.5.0/egagsozgixafjmnittzgqtr2zi55uxhw/Vivado/2020.2/lib/lnx64.o/librdi_tcltasks.so(HTCSimUtils::executeStep(Tcl_Interp*, HADAFileSet*, HADAFileSet*, HAPUFSimulator*, HDGUIStatus*, std::__cxx11::basic_string<char, std::char_traits<char>, std::allocator<char> > const&, std::__cxx11::basic_string<char, std::char_traits<char>, std::allocator<char> > const&, std::__cxx11::basic_string<char, std::char_traits<char>, std::allocator<char> > const&, bool, bool, bool, std::__cxx11::basic_ostringstream<char, std::char_traits<char>, std::allocator<char> >&)+0x4b7) [0x154f85229a97]
/sw/workstations/apps/linux-ubuntu18.04-ivybridge/xilinx/2020.2/gcc-7.5.0/egagsozgixafjmnittzgqtr2zi55uxhw/Vivado/2020.2/lib/lnx64.o/librdi_tcltasks.so(+0x1927eec) [0x154f851cfeec]
/sw/workstations/apps/linux-ubuntu18.04-ivybridge/xilinx/2020.2/gcc-7.5.0/egagsozgixafjmnittzgqtr2zi55uxhw/Vivado/2020.2/lib/lnx64.o/librdi_common.so(+0x9cfb1d) [0x154f94e07b1d]
/sw/workstations/apps/linux-ubuntu18.04-ivybridge/xilinx/2020.2/gcc-7.5.0/egagsozgixafjmnittzgqtr2zi55uxhw/Vivado/2020.2/lib/lnx64.o/libtcl8.5.so(+0x3356f) [0x154f8eb7556f]
/sw/workstations/apps/linux-ubuntu18.04-ivybridge/xilinx/2020.2/gcc-7.5.0/egagsozgixafjmnittzgqtr2zi55uxhw/Vivado/2020.2/lib/lnx64.o/libtcl8.5.so(+0x76945) [0x154f8ebb8945]
/sw/workstations/apps/linux-ubuntu18.04-ivybridge/xilinx/2020.2/gcc-7.5.0/egagsozgixafjmnittzgqtr2zi55uxhw/Vivado/2020.2/lib/lnx64.o/libtcl8.5.so(+0x7e0f9) [0x154f8ebc00f9]
/sw/workstations/apps/linux-ubuntu18.04-ivybridge/xilinx/2020.2/gcc-7.5.0/egagsozgixafjmnittzgqtr2zi55uxhw/Vivado/2020.2/lib/lnx64.o/libtcl8.5.so(TclEvalObjEx+0x76) [0x154f8eb77216]
/sw/workstations/apps/linux-ubuntu18.04-ivybridge/xilinx/2020.2/gcc-7.5.0/egagsozgixafjmnittzgqtr2zi55uxhw/Vivado/2020.2/lib/lnx64.o/librdi_common.so(+0x9ce041) [0x154f94e06041]
/sw/workstations/apps/linux-ubuntu18.04-ivybridge/xilinx/2020.2/gcc-7.5.0/egagsozgixafjmnittzgqtr2zi55uxhw/Vivado/2020.2/lib/lnx64.o/libtcl8.5.so(Tcl_ServiceEvent+0x7f) [0x154f8ebe9bef]
/sw/workstations/apps/linux-ubuntu18.04-ivybridge/xilinx/2020.2/gcc-7.5.0/egagsozgixafjmnittzgqtr2zi55uxhw/Vivado/2020.2/lib/lnx64.o/libtcl8.5.so(Tcl_DoOneEvent+0x154) [0x154f8ebe9f24]
/sw/workstations/apps/linux-ubuntu18.04-ivybridge/xilinx/2020.2/gcc-7.5.0/egagsozgixafjmnittzgqtr2zi55uxhw/Vivado/2020.2/lib/lnx64.o/librdi_commontasks.so(+0x23caa5) [0x154f88146aa5]
/sw/workstations/apps/linux-ubuntu18.04-ivybridge/xilinx/2020.2/gcc-7.5.0/egagsozgixafjmnittzgqtr2zi55uxhw/Vivado/2020.2/lib/lnx64.o/librdi_commontasks.so(+0x23fbb5) [0x154f88149bb5]
/sw/workstations/apps/linux-ubuntu18.04-ivybridge/xilinx/2020.2/gcc-7.5.0/egagsozgixafjmnittzgqtr2zi55uxhw/Vivado/2020.2/lib/lnx64.o/librdi_commontasks.so(+0x240bde) [0x154f8814abde]
/sw/workstations/apps/linux-ubuntu18.04-ivybridge/xilinx/2020.2/gcc-7.5.0/egagsozgixafjmnittzgqtr2zi55uxhw/Vivado/2020.2/lib/lnx64.o/librdi_common.so(+0x9cfb1d) [0x154f94e07b1d]
/sw/workstations/apps/linux-ubuntu18.04-ivybridge/xilinx/2020.2/gcc-7.5.0/egagsozgixafjmnittzgqtr2zi55uxhw/Vivado/2020.2/lib/lnx64.o/libtcl8.5.so(+0x3356f) [0x154f8eb7556f]
/sw/workstations/apps/linux-ubuntu18.04-ivybridge/xilinx/2020.2/gcc-7.5.0/egagsozgixafjmnittzgqtr2zi55uxhw/Vivado/2020.2/lib/lnx64.o/libtcl8.5.so(+0x76945) [0x154f8ebb8945]
/sw/workstations/apps/linux-ubuntu18.04-ivybridge/xilinx/2020.2/gcc-7.5.0/egagsozgixafjmnittzgqtr2zi55uxhw/Vivado/2020.2/lib/lnx64.o/libtcl8.5.so(+0x7e0f9) [0x154f8ebc00f9]
/sw/workstations/apps/linux-ubuntu18.04-ivybridge/xilinx/2020.2/gcc-7.5.0/egagsozgixafjmnittzgqtr2zi55uxhw/Vivado/2020.2/lib/lnx64.o/libtcl8.5.so(TclEvalObjEx+0x76) [0x154f8eb77216]
/sw/workstations/apps/linux-ubuntu18.04-ivybridge/xilinx/2020.2/gcc-7.5.0/egagsozgixafjmnittzgqtr2zi55uxhw/Vivado/2020.2/lib/lnx64.o/librdi_commonmain.so(+0xad53) [0x154f94230d53]
/sw/workstations/apps/linux-ubuntu18.04-ivybridge/xilinx/2020.2/gcc-7.5.0/egagsozgixafjmnittzgqtr2zi55uxhw/Vivado/2020.2/lib/lnx64.o/libtcl8.5.so(Tcl_Main+0x1d0) [0x154f8ebe22f0]
/sw/workstations/apps/linux-ubuntu18.04-ivybridge/xilinx/2020.2/gcc-7.5.0/egagsozgixafjmnittzgqtr2zi55uxhw/Vivado/2020.2/lib/lnx64.o/librdi_common.so(+0xa1442b) [0x154f94e4c42b]
/lib/x86_64-linux-gnu/libpthread.so.0(+0x76db) [0x154f936796db]
/lib/x86_64-linux-gnu/libc.so.6(clone+0x3f) [0x154f939b261f]
